<?xml version="1.0" encoding="UTF-8"?>
<!-- Generated by org.testng.reporters.JUnitReportReporter -->
<testsuite hostname="DESKTOP-ASB5QBL" name="testNG.PrimusBankLogin" tests="1" failures="0" timestamp="29 Sep 2021 08:50:43 GMT" time="37.212" errors="0">
  <testcase name="primus_Login" time="37.212" classname="testNG.PrimusBankLogin"/>
</testsuite> <!-- testNG.PrimusBankLogin -->
