<?xml version="1.0" encoding="UTF-8"?>
<!-- Generated by org.testng.reporters.JUnitReportReporter -->
<testsuite hostname="DESKTOP-ASB5QBL" name="testNG.EmpRegTC_TestNG" tests="2" failures="0" timestamp="30 Sep 2021 08:48:53 GMT" time="14.771" errors="0">
  <testcase name="org_EmpReg" time="8.426" classname="testNG.EmpRegTC_TestNG"/>
  <testcase name="org_EmpReg" time="6.345" classname="testNG.EmpRegTC_TestNG"/>
</testsuite> <!-- testNG.EmpRegTC_TestNG -->
