<?xml version="1.0" encoding="UTF-8"?>
<!-- Generated by org.testng.reporters.JUnitReportReporter -->
<testsuite hostname="DESKTOP-ASB5QBL" name="grid.GridEg2" tests="2" failures="0" timestamp="7 Oct 2021 08:49:08 GMT" time="96.828" errors="0">
  <testcase name="grod_test" time="54.838" classname="grid.GridEg2"/>
  <testcase name="grod_test" time="41.990" classname="grid.GridEg2"/>
</testsuite> <!-- grid.GridEg2 -->
