<?xml version="1.0" encoding="UTF-8"?>
<!-- Generated by org.testng.reporters.JUnitReportReporter -->
<testsuite hostname="DESKTOP-ASB5QBL" name="testNG.UserRegTC_TestNG" tests="1" failures="0" timestamp="29 Sep 2021 09:28:46 GMT" time="15.961" errors="0">
  <testcase name="org_userReg" time="15.961" classname="testNG.UserRegTC_TestNG"/>
</testsuite> <!-- testNG.UserRegTC_TestNG -->
